2023-06-06T15:18:27.041+05:30  INFO 13700 --- [restartedMain] c.e.m.MySqlDatabaseApplication           : Starting MySqlDatabaseApplication using Java 19 with PID 13700 (C:\Users\govar\OneDrive\Desktop\Spring\mySqlDatabase\target\classes started by root in C:\Users\govar\OneDrive\Desktop\Spring\mySqlDatabase)
2023-06-06T15:18:27.043+05:30 DEBUG 13700 --- [restartedMain] c.e.m.MySqlDatabaseApplication           : Running with Spring Boot v3.1.0, Spring v6.0.9
2023-06-06T15:18:27.045+05:30  INFO 13700 --- [restartedMain] c.e.m.MySqlDatabaseApplication           : No active profile set, falling back to 1 default profile: "default"
2023-06-06T15:18:31.286+05:30  WARN 13700 --- [restartedMain] JpaBaseConfiguration$JpaWebConfiguration : spring.jpa.open-in-view is enabled by default. Therefore, database queries may be performed during view rendering. Explicitly configure spring.jpa.open-in-view to disable this warning
2023-06-06T15:18:31.680+05:30  INFO 13700 --- [restartedMain] c.e.m.MySqlDatabaseApplication           : Started MySqlDatabaseApplication in 5.163 seconds (process running for 5.734)
2023-06-06T15:18:31.684+05:30  INFO 13700 --- [restartedMain] c.e.m.MySqlDatabaseApplication           : Employee payroll Application is started
2023-06-06T15:24:37.224+05:30  INFO 23292 --- [restartedMain] c.e.m.MySqlDatabaseApplication           : Starting MySqlDatabaseApplication using Java 19 with PID 23292 (C:\Users\govar\OneDrive\Desktop\Spring\mySqlDatabase\target\classes started by root in C:\Users\govar\OneDrive\Desktop\Spring\mySqlDatabase)
2023-06-06T15:24:37.228+05:30 DEBUG 23292 --- [restartedMain] c.e.m.MySqlDatabaseApplication           : Running with Spring Boot v3.1.0, Spring v6.0.9
2023-06-06T15:24:37.230+05:30  INFO 23292 --- [restartedMain] c.e.m.MySqlDatabaseApplication           : No active profile set, falling back to 1 default profile: "default"
2023-06-06T15:24:41.302+05:30  WARN 23292 --- [restartedMain] JpaBaseConfiguration$JpaWebConfiguration : spring.jpa.open-in-view is enabled by default. Therefore, database queries may be performed during view rendering. Explicitly configure spring.jpa.open-in-view to disable this warning
2023-06-06T15:24:41.688+05:30  INFO 23292 --- [restartedMain] c.e.m.MySqlDatabaseApplication           : Started MySqlDatabaseApplication in 4.974 seconds (process running for 5.556)
2023-06-06T15:24:41.693+05:30  INFO 23292 --- [restartedMain] c.e.m.MySqlDatabaseApplication           : Employee payroll Application is started
2023-06-06T15:35:18.692+05:30  INFO 3552 --- [restartedMain] c.e.m.MySqlDatabaseApplication           : Starting MySqlDatabaseApplication using Java 19 with PID 3552 (C:\Users\govar\OneDrive\Desktop\Spring\mySqlDatabase\target\classes started by root in C:\Users\govar\OneDrive\Desktop\Spring\mySqlDatabase)
2023-06-06T15:35:18.694+05:30 DEBUG 3552 --- [restartedMain] c.e.m.MySqlDatabaseApplication           : Running with Spring Boot v3.1.0, Spring v6.0.9
2023-06-06T15:35:18.696+05:30  INFO 3552 --- [restartedMain] c.e.m.MySqlDatabaseApplication           : No active profile set, falling back to 1 default profile: "default"
2023-06-06T15:35:22.319+05:30  WARN 3552 --- [restartedMain] JpaBaseConfiguration$JpaWebConfiguration : spring.jpa.open-in-view is enabled by default. Therefore, database queries may be performed during view rendering. Explicitly configure spring.jpa.open-in-view to disable this warning
2023-06-06T15:35:22.690+05:30  INFO 3552 --- [restartedMain] c.e.m.MySqlDatabaseApplication           : Started MySqlDatabaseApplication in 4.423 seconds (process running for 6.565)
2023-06-06T15:35:22.694+05:30  INFO 3552 --- [restartedMain] c.e.m.MySqlDatabaseApplication           : Employee payroll Application is started
2023-06-06T15:35:39.957+05:30  INFO 3424 --- [restartedMain] c.e.m.MySqlDatabaseApplication           : Starting MySqlDatabaseApplication using Java 19 with PID 3424 (C:\Users\govar\OneDrive\Desktop\Spring\mySqlDatabase\target\classes started by root in C:\Users\govar\OneDrive\Desktop\Spring\mySqlDatabase)
2023-06-06T15:35:39.960+05:30 DEBUG 3424 --- [restartedMain] c.e.m.MySqlDatabaseApplication           : Running with Spring Boot v3.1.0, Spring v6.0.9
2023-06-06T15:35:39.961+05:30  INFO 3424 --- [restartedMain] c.e.m.MySqlDatabaseApplication           : No active profile set, falling back to 1 default profile: "default"
2023-06-06T15:35:43.647+05:30  WARN 3424 --- [restartedMain] JpaBaseConfiguration$JpaWebConfiguration : spring.jpa.open-in-view is enabled by default. Therefore, database queries may be performed during view rendering. Explicitly configure spring.jpa.open-in-view to disable this warning
2023-06-06T15:35:44.034+05:30  INFO 3424 --- [restartedMain] c.e.m.MySqlDatabaseApplication           : Started MySqlDatabaseApplication in 4.559 seconds (process running for 5.051)
2023-06-06T15:35:44.038+05:30  INFO 3424 --- [restartedMain] c.e.m.MySqlDatabaseApplication           : Employee payroll Application is started
